<?xml version="1.0" encoding="UTF-8"?>
<!-- Generated by org.testng.reporters.JUnitReportReporter -->
<testsuite hostname="WKWZTNFupCn3nkB" failures="0" tests="3" name="testNG.testngpractice" time="0.018" errors="0" timestamp="2023-09-06T12:32:26 IST" skipped="0">
  <testcase classname="testNG.testngpractice" name="createcustomer" time="0.015"/>
  <system-out/>
  <testcase classname="testNG.testngpractice" name="modifycustomer" time="0.002"/>
  <system-out/>
  <testcase classname="testNG.testngpractice" name="deletecustomer" time="0.001"/>
  <system-out/>
</testsuite> <!-- testNG.testngpractice -->
