<?xml version="1.0" encoding="UTF-8"?>
<!-- Generated by org.testng.reporters.JUnitReportReporter -->
<testsuite hostname="WKWZTNFupCn3nkB" failures="0" tests="1" name="actiime.LoginToActiTime" time="14.568" errors="0" timestamp="2023-09-06T12:21:52 IST" skipped="0">
  <testcase classname="actiime.LoginToActiTime" name="loginToApp" time="14.568"/>
  <system-out/>
</testsuite> <!-- actiime.LoginToActiTime -->
